-------------------------------------------------------------------------------
Test set: cucumbertest.TestRunner_web
-------------------------------------------------------------------------------
Tests run: 1, Failures: 1, Errors: 0, Skipped: 0, Time elapsed: 10.993 sec <<< FAILURE!
runCukes(cucumbertest.TestRunner_web)  Time elapsed: 10.568 sec  <<< FAILURE!
cucumber.runtime.CucumberException: org.openqa.selenium.NoSuchElementException: no such element: Unable to locate element: {"method":"xpath","selector":"//input[@placeholder='Username']"}
  (Session info: chrome=144.0.7559.97)
For documentation on this error, please visit: http://seleniumhq.org/exceptions/no_such_element.html
Build info: version: '3.4.0', revision: 'unknown', time: 'unknown'
System info: host: 'SIL-LT5-RAKSHAL', ip: '130.1.19.197', os.name: 'Windows 11', os.arch: 'amd64', os.version: '10.0', java.version: '1.8.0_371'
Driver info: org.openqa.selenium.chrome.ChromeDriver
Capabilities [{networkConnectionEnabled=false, chrome={chromedriverVersion=144.0.7559.96 (d7b80622cfab91c265741194e7942eefd2d21811-refs/branch-heads/7559@{#3667}), userDataDir=C:\Users\Raksha\AppData\Local\Temp\scoped_dir32620_1815234139}, timeouts={implicit=0.0, pageLoad=300000.0, script=30000.0}, goog:processID=21840.0, pageLoadStrategy=normal, unhandledPromptBehavior=dismiss and notify, strictFileInteractability=false, platform=ANY, proxy=Proxy(), webauthn:extension:minPinLength=true, goog:chromeOptions={debuggerAddress=localhost:57763}, webauthn:extension:credBlob=true, webauthn:extension:prf=true, acceptInsecureCerts=false, browserVersion=144.0.7559.97, fedcm:accounts=true, browserName=chrome, javascriptEnabled=true, platformName=windows, setWindowRect=true, webauthn:extension:largeBlob=true, webauthn:virtualAuthenticators=true}]
Session ID: 250455ee345dd01bbd2b03f3fdb92938
*** Element info: {Using=xpath, value=//input[@placeholder='Username']}
	at cucumber.api.testng.TestNGCucumberRunner.runCukes(TestNGCucumberRunner.java:57)
	at cucumbertest.TestRunner_web.runCukes(TestRunner_web.java:26)
Caused by: org.openqa.selenium.NoSuchElementException: no such element: Unable to locate element: {"method":"xpath","selector":"//input[@placeholder='Username']"}
  (Session info: chrome=144.0.7559.97)
For documentation on this error, please visit: http://seleniumhq.org/exceptions/no_such_element.html
Build info: version: '3.4.0', revision: 'unknown', time: 'unknown'
System info: host: 'SIL-LT5-RAKSHAL', ip: '130.1.19.197', os.name: 'Windows 11', os.arch: 'amd64', os.version: '10.0', java.version: '1.8.0_371'
Driver info: org.openqa.selenium.chrome.ChromeDriver
Capabilities [{networkConnectionEnabled=false, chrome={chromedriverVersion=144.0.7559.96 (d7b80622cfab91c265741194e7942eefd2d21811-refs/branch-heads/7559@{#3667}), userDataDir=C:\Users\Raksha\AppData\Local\Temp\scoped_dir32620_1815234139}, timeouts={implicit=0.0, pageLoad=300000.0, script=30000.0}, goog:processID=21840.0, pageLoadStrategy=normal, unhandledPromptBehavior=dismiss and notify, strictFileInteractability=false, platform=ANY, proxy=Proxy(), webauthn:extension:minPinLength=true, goog:chromeOptions={debuggerAddress=localhost:57763}, webauthn:extension:credBlob=true, webauthn:extension:prf=true, acceptInsecureCerts=false, browserVersion=144.0.7559.97, fedcm:accounts=true, browserName=chrome, javascriptEnabled=true, platformName=windows, setWindowRect=true, webauthn:extension:largeBlob=true, webauthn:virtualAuthenticators=true}]
Session ID: 250455ee345dd01bbd2b03f3fdb92938
*** Element info: {Using=xpath, value=//input[@placeholder='Username']}
	at sun.reflect.NativeConstructorAccessorImpl.newInstance0(Native Method)
	at sun.reflect.NativeConstructorAccessorImpl.newInstance(NativeConstructorAccessorImpl.java:62)
	at sun.reflect.DelegatingConstructorAccessorImpl.newInstance(DelegatingConstructorAccessorImpl.java:45)
	at java.lang.reflect.Constructor.newInstance(Constructor.java:423)
	at org.openqa.selenium.remote.http.W3CHttpResponseCodec.createException(W3CHttpResponseCodec.java:150)
	at org.openqa.selenium.remote.http.W3CHttpResponseCodec.decode(W3CHttpResponseCodec.java:115)
	at org.openqa.selenium.remote.http.W3CHttpResponseCodec.decode(W3CHttpResponseCodec.java:45)
	at org.openqa.selenium.remote.HttpCommandExecutor.execute(HttpCommandExecutor.java:164)
	at org.openqa.selenium.remote.service.DriverCommandExecutor.execute(DriverCommandExecutor.java:82)
	at org.openqa.selenium.remote.RemoteWebDriver.execute(RemoteWebDriver.java:637)
	at org.openqa.selenium.remote.RemoteWebDriver.findElement(RemoteWebDriver.java:410)
	at org.openqa.selenium.remote.RemoteWebDriver.findElementByXPath(RemoteWebDriver.java:509)
	at org.openqa.selenium.By$ByXPath.findElement(By.java:361)
	at org.openqa.selenium.remote.RemoteWebDriver.findElement(RemoteWebDriver.java:402)
	at objectrepository.Login_page.username(Login_page.java:21)
	at stepdefinition.Steps.iInputUserNameAndPassword(Steps.java:131)
	at ✽.And I Input User Name "Admin" and Password "admin123"(features/Login.feature:12)

