<?xml version="1.0" encoding="UTF-8" ?>
<testsuite tests="1" failures="1" name="cucumbertest.TestRunner_web" time="10.568" errors="0" skipped="0">
  <properties>
[...]
</properties>
  <testcase classname="cucumbertest.TestRunner_web" name="runCukes" time="10.568">
    <failure message="org.openqa.selenium.NoSuchElementException: no such element: Unable to locate element: {&quot;method&quot;:&quot;xpath&quot;,&quot;selector&quot;:&quot;//input[@placeholder=&apos;Username&apos;]&quot;}
  (Session info: chrome=144.0.7559.97)
For documentation on this error, please visit: http://seleniumhq.org/exceptions/no_such_element.html
Build info: version: &apos;3.4.0&apos;, revision: &apos;unknown&apos;, time: &apos;unknown&apos;
System info: host: &apos;SIL-LT5-RAKSHAL&apos;, ip: &apos;130.1.19.197&apos;, os.name: &apos;Windows 11&apos;, os.arch: &apos;amd64&apos;, os.version: &apos;10.0&apos;, java.version: &apos;1.8.0_371&apos;
Driver info: org.openqa.selenium.chrome.ChromeDriver
Capabilities [{networkConnectionEnabled=false, chrome={chromedriverVersion=144.0.7559.96 (d7b80622cfab91c265741194e7942eefd2d21811-refs/branch-heads/7559@{#3667}), userDataDir=C:\Users\Raksha\AppData\Local\Temp\scoped_dir32620_1815234139}, timeouts={implicit=0.0, pageLoad=300000.0, script=30000.0}, goog:processID=21840.0, pageLoadStrategy=normal, unhandledPromptBehavior=dismiss and notify, strictFileInteractability=false, platform=ANY, proxy=Proxy(), webauthn:extension:minPinLength=true, goog:chromeOptions={debuggerAddress=localhost:57763}, webauthn:extension:credBlob=true, webauthn:extension:prf=true, acceptInsecureCerts=false, browserVersion=144.0.7559.97, fedcm:accounts=true, browserName=chrome, javascriptEnabled=true, platformName=windows, setWindowRect=true, webauthn:extension:largeBlob=true, webauthn:virtualAuthenticators=true}]
Session ID: 250455ee345dd01bbd2b03f3fdb92938
*** Element info: {Using=xpath, value=//input[@placeholder=&apos;Username&apos;]}" type="cucumber.runtime.CucumberException">cucumber.runtime.CucumberException: org.openqa.selenium.NoSuchElementException: no such element: Unable to locate element: {&quot;method&quot;:&quot;xpath&quot;,&quot;selector&quot;:&quot;//input[@placeholder=&apos;Username&apos;]&quot;}
  (Session info: chrome=144.0.7559.97)
For documentation on this error, please visit: http://seleniumhq.org/exceptions/no_such_element.html
Build info: version: &apos;3.4.0&apos;, revision: &apos;unknown&apos;, time: &apos;unknown&apos;
System info: host: &apos;SIL-LT5-RAKSHAL&apos;, ip: &apos;130.1.19.197&apos;, os.name: &apos;Windows 11&apos;, os.arch: &apos;amd64&apos;, os.version: &apos;10.0&apos;, java.version: &apos;1.8.0_371&apos;
Driver info: org.openqa.selenium.chrome.ChromeDriver
Capabilities [{networkConnectionEnabled=false, chrome={chromedriverVersion=144.0.7559.96 (d7b80622cfab91c265741194e7942eefd2d21811-refs/branch-heads/7559@{#3667}), userDataDir=C:\Users\Raksha\AppData\Local\Temp\scoped_dir32620_1815234139}, timeouts={implicit=0.0, pageLoad=300000.0, script=30000.0}, goog:processID=21840.0, pageLoadStrategy=normal, unhandledPromptBehavior=dismiss and notify, strictFileInteractability=false, platform=ANY, proxy=Proxy(), webauthn:extension:minPinLength=true, goog:chromeOptions={debuggerAddress=localhost:57763}, webauthn:extension:credBlob=true, webauthn:extension:prf=true, acceptInsecureCerts=false, browserVersion=144.0.7559.97, fedcm:accounts=true, browserName=chrome, javascriptEnabled=true, platformName=windows, setWindowRect=true, webauthn:extension:largeBlob=true, webauthn:virtualAuthenticators=true}]
Session ID: 250455ee345dd01bbd2b03f3fdb92938
*** Element info: {Using=xpath, value=//input[@placeholder=&apos;Username&apos;]}
	at cucumber.api.testng.TestNGCucumberRunner.runCukes(TestNGCucumberRunner.java:57)
	at cucumbertest.TestRunner_web.runCukes(TestRunner_web.java:26)
Caused by: org.openqa.selenium.NoSuchElementException: no such element: Unable to locate element: {&quot;method&quot;:&quot;xpath&quot;,&quot;selector&quot;:&quot;//input[@placeholder=&apos;Username&apos;]&quot;}
  (Session info: chrome=144.0.7559.97)
For documentation on this error, please visit: http://seleniumhq.org/exceptions/no_such_element.html
Build info: version: &apos;3.4.0&apos;, revision: &apos;unknown&apos;, time: &apos;unknown&apos;
System info: host: &apos;SIL-LT5-RAKSHAL&apos;, ip: &apos;130.1.19.197&apos;, os.name: &apos;Windows 11&apos;, os.arch: &apos;amd64&apos;, os.version: &apos;10.0&apos;, java.version: &apos;1.8.0_371&apos;
Driver info: org.openqa.selenium.chrome.ChromeDriver
Capabilities [{networkConnectionEnabled=false, chrome={chromedriverVersion=144.0.7559.96 (d7b80622cfab91c265741194e7942eefd2d21811-refs/branch-heads/7559@{#3667}), userDataDir=C:\Users\Raksha\AppData\Local\Temp\scoped_dir32620_1815234139}, timeouts={implicit=0.0, pageLoad=300000.0, script=30000.0}, goog:processID=21840.0, pageLoadStrategy=normal, unhandledPromptBehavior=dismiss and notify, strictFileInteractability=false, platform=ANY, proxy=Proxy(), webauthn:extension:minPinLength=true, goog:chromeOptions={debuggerAddress=localhost:57763}, webauthn:extension:credBlob=true, webauthn:extension:prf=true, acceptInsecureCerts=false, browserVersion=144.0.7559.97, fedcm:accounts=true, browserName=chrome, javascriptEnabled=true, platformName=windows, setWindowRect=true, webauthn:extension:largeBlob=true, webauthn:virtualAuthenticators=true}]
Session ID: 250455ee345dd01bbd2b03f3fdb92938
*** Element info: {Using=xpath, value=//input[@placeholder=&apos;Username&apos;]}
	at sun.reflect.NativeConstructorAccessorImpl.newInstance0(Native Method)
	at sun.reflect.NativeConstructorAccessorImpl.newInstance(NativeConstructorAccessorImpl.java:62)
	at sun.reflect.DelegatingConstructorAccessorImpl.newInstance(DelegatingConstructorAccessorImpl.java:45)
	at java.lang.reflect.Constructor.newInstance(Constructor.java:423)
	at org.openqa.selenium.remote.http.W3CHttpResponseCodec.createException(W3CHttpResponseCodec.java:150)
	at org.openqa.selenium.remote.http.W3CHttpResponseCodec.decode(W3CHttpResponseCodec.java:115)
	at org.openqa.selenium.remote.http.W3CHttpResponseCodec.decode(W3CHttpResponseCodec.java:45)
	at org.openqa.selenium.remote.HttpCommandExecutor.execute(HttpCommandExecutor.java:164)
	at org.openqa.selenium.remote.service.DriverCommandExecutor.execute(DriverCommandExecutor.java:82)
	at org.openqa.selenium.remote.RemoteWebDriver.execute(RemoteWebDriver.java:637)
	at org.openqa.selenium.remote.RemoteWebDriver.findElement(RemoteWebDriver.java:410)
	at org.openqa.selenium.remote.RemoteWebDriver.findElementByXPath(RemoteWebDriver.java:509)
	at org.openqa.selenium.By$ByXPath.findElement(By.java:361)
	at org.openqa.selenium.remote.RemoteWebDriver.findElement(RemoteWebDriver.java:402)
	at objectrepository.Login_page.username(Login_page.java:21)
	at stepdefinition.Steps.iInputUserNameAndPassword(Steps.java:131)
	at ✽.And I Input User Name &quot;Admin&quot; and Password &quot;admin123&quot;(features/Login.feature:12)
</failure>
    <system-out>Configuring TestNG with: org.apache.maven.surefire.testng.conf.TestNG652Configurator@2cfb4a64
#Overtime
@Main_feature
Feature: Sign_in

  #Scenario1 - Success Sign In
  @sucessful_Sign_In
  Scenario Outline: Successful Sign In                            &amp;#27;[90m# features/Login.feature:8&amp;#27;[0m
    &amp;#27;[36mGiven &amp;#27;[0m&amp;#27;[36mI am on Orange Main page &quot;&lt;Browser&gt;&quot;&amp;#27;[0m
    &amp;#27;[36mAnd &amp;#27;[0m&amp;#27;[36mI Verify Login Page&amp;#27;[0m
    &amp;#27;[36mAnd &amp;#27;[0m&amp;#27;[36mI Input User Name &quot;&lt;User_Name&gt;&quot; and Password &quot;&lt;Password&gt;&quot;&amp;#27;[0m
    &amp;#27;[36mWhen &amp;#27;[0m&amp;#27;[36mI Click on Sign In Button&amp;#27;[0m
    &amp;#27;[36mAnd &amp;#27;[0m&amp;#27;[36mI Verify Welcome Label&amp;#27;[0m

    Examples: 
Unable to take screenshot
java.lang.NullPointerException

  @Main_feature @sucessful_Sign_In
  Scenario Outline: Successful Sign In                    &amp;#27;[90m# features/Login.feature:18&amp;#27;[0m
    &amp;#27;[32mGiven &amp;#27;[0m&amp;#27;[32mI am on Orange Main page &quot;&amp;#27;[0m&amp;#27;[32m&amp;#27;[1mChrome&amp;#27;[0m&amp;#27;[32m&quot;&amp;#27;[0m               &amp;#27;[90m# Steps.iAmOnOrangeMainPage(String)&amp;#27;[0m
    &amp;#27;[32mAnd &amp;#27;[0m&amp;#27;[32mI Verify Login Page&amp;#27;[0m                               &amp;#27;[90m# Steps.iVerifyLoginPage()&amp;#27;[0m
    &amp;#27;[31mAnd &amp;#27;[0m&amp;#27;[31mI Input User Name &quot;&amp;#27;[0m&amp;#27;[31m&amp;#27;[1mAdmin&amp;#27;[0m&amp;#27;[31m&quot; and Password &quot;&amp;#27;[0m&amp;#27;[31m&amp;#27;[1madmin123&amp;#27;[0m&amp;#27;[31m&quot;&amp;#27;[0m &amp;#27;[90m# Steps.iInputUserNameAndPassword(String,String)&amp;#27;[0m
      &amp;#27;[31morg.openqa.selenium.NoSuchElementException: no such element: Unable to locate element: {&quot;method&quot;:&quot;xpath&quot;,&quot;selector&quot;:&quot;//input[@placeholder=&apos;Username&apos;]&quot;}
        (Session info: chrome=144.0.7559.97)
      For documentation on this error, please visit: http://seleniumhq.org/exceptions/no_such_element.html
      Build info: version: &apos;3.4.0&apos;, revision: &apos;unknown&apos;, time: &apos;unknown&apos;
      System info: host: &apos;SIL-LT5-RAKSHAL&apos;, ip: &apos;130.1.19.197&apos;, os.name: &apos;Windows 11&apos;, os.arch: &apos;amd64&apos;, os.version: &apos;10.0&apos;, java.version: &apos;1.8.0_371&apos;
      Driver info: org.openqa.selenium.chrome.ChromeDriver
      Capabilities [{networkConnectionEnabled=false, chrome={chromedriverVersion=144.0.7559.96 (d7b80622cfab91c265741194e7942eefd2d21811-refs/branch-heads/7559@{#3667}), userDataDir=C:\Users\Raksha\AppData\Local\Temp\scoped_dir32620_1815234139}, timeouts={implicit=0.0, pageLoad=300000.0, script=30000.0}, goog:processID=21840.0, pageLoadStrategy=normal, unhandledPromptBehavior=dismiss and notify, strictFileInteractability=false, platform=ANY, proxy=Proxy(), webauthn:extension:minPinLength=true, goog:chromeOptions={debuggerAddress=localhost:57763}, webauthn:extension:credBlob=true, webauthn:extension:prf=true, acceptInsecureCerts=false, browserVersion=144.0.7559.97, fedcm:accounts=true, browserName=chrome, javascriptEnabled=true, platformName=windows, setWindowRect=true, webauthn:extension:largeBlob=true, webauthn:virtualAuthenticators=true}]
      Session ID: 250455ee345dd01bbd2b03f3fdb92938
      *** Element info: {Using=xpath, value=//input[@placeholder=&apos;Username&apos;]}
      	at sun.reflect.NativeConstructorAccessorImpl.newInstance0(Native Method)
      	at sun.reflect.NativeConstructorAccessorImpl.newInstance(NativeConstructorAccessorImpl.java:62)
      	at sun.reflect.DelegatingConstructorAccessorImpl.newInstance(DelegatingConstructorAccessorImpl.java:45)
      	at java.lang.reflect.Constructor.newInstance(Constructor.java:423)
      	at org.openqa.selenium.remote.http.W3CHttpResponseCodec.createException(W3CHttpResponseCodec.java:150)
      	at org.openqa.selenium.remote.http.W3CHttpResponseCodec.decode(W3CHttpResponseCodec.java:115)
      	at org.openqa.selenium.remote.http.W3CHttpResponseCodec.decode(W3CHttpResponseCodec.java:45)
      	at org.openqa.selenium.remote.HttpCommandExecutor.execute(HttpCommandExecutor.java:164)
      	at org.openqa.selenium.remote.service.DriverCommandExecutor.execute(DriverCommandExecutor.java:82)
      	at org.openqa.selenium.remote.RemoteWebDriver.execute(RemoteWebDriver.java:637)
      	at org.openqa.selenium.remote.RemoteWebDriver.findElement(RemoteWebDriver.java:410)
      	at org.openqa.selenium.remote.RemoteWebDriver.findElementByXPath(RemoteWebDriver.java:509)
      	at org.openqa.selenium.By$ByXPath.findElement(By.java:361)
      	at org.openqa.selenium.remote.RemoteWebDriver.findElement(RemoteWebDriver.java:402)
      	at objectrepository.Login_page.username(Login_page.java:21)
      	at stepdefinition.Steps.iInputUserNameAndPassword(Steps.java:131)
      	at ?.And I Input User Name &quot;Admin&quot; and Password &quot;admin123&quot;(features/Login.feature:12)
      &amp;#27;[0m
    &amp;#27;[36mWhen &amp;#27;[0m&amp;#27;[36mI Click on Sign In Button&amp;#27;[0m                        &amp;#27;[90m# Steps.iClickOnSignInButton()&amp;#27;[0m
    &amp;#27;[36mAnd &amp;#27;[0m&amp;#27;[36mI Verify Welcome Label&amp;#27;[0m                            &amp;#27;[90m# Steps.iVerifyWelcomeLabel()&amp;#27;[0m

&amp;#27;[31mFailed scenarios:&amp;#27;[0m
&amp;#27;[31mfeatures/Login.feature:18 &amp;#27;[0m# Scenario Outline: Successful Sign In

1 Scenarios (&amp;#27;[31m1 failed&amp;#27;[0m)
5 Steps (&amp;#27;[31m1 failed&amp;#27;[0m, &amp;#27;[36m2 skipped&amp;#27;[0m, &amp;#27;[32m2 passed&amp;#27;[0m)
0m9.844s

org.openqa.selenium.NoSuchElementException: no such element: Unable to locate element: {&quot;method&quot;:&quot;xpath&quot;,&quot;selector&quot;:&quot;//input[@placeholder=&apos;Username&apos;]&quot;}
  (Session info: chrome=144.0.7559.97)
For documentation on this error, please visit: http://seleniumhq.org/exceptions/no_such_element.html
Build info: version: &apos;3.4.0&apos;, revision: &apos;unknown&apos;, time: &apos;unknown&apos;
System info: host: &apos;SIL-LT5-RAKSHAL&apos;, ip: &apos;130.1.19.197&apos;, os.name: &apos;Windows 11&apos;, os.arch: &apos;amd64&apos;, os.version: &apos;10.0&apos;, java.version: &apos;1.8.0_371&apos;
Driver info: org.openqa.selenium.chrome.ChromeDriver
Capabilities [{networkConnectionEnabled=false, chrome={chromedriverVersion=144.0.7559.96 (d7b80622cfab91c265741194e7942eefd2d21811-refs/branch-heads/7559@{#3667}), userDataDir=C:\Users\Raksha\AppData\Local\Temp\scoped_dir32620_1815234139}, timeouts={implicit=0.0, pageLoad=300000.0, script=30000.0}, goog:processID=21840.0, pageLoadStrategy=normal, unhandledPromptBehavior=dismiss and notify, strictFileInteractability=false, platform=ANY, proxy=Proxy(), webauthn:extension:minPinLength=true, goog:chromeOptions={debuggerAddress=localhost:57763}, webauthn:extension:credBlob=true, webauthn:extension:prf=true, acceptInsecureCerts=false, browserVersion=144.0.7559.97, fedcm:accounts=true, browserName=chrome, javascriptEnabled=true, platformName=windows, setWindowRect=true, webauthn:extension:largeBlob=true, webauthn:virtualAuthenticators=true}]
Session ID: 250455ee345dd01bbd2b03f3fdb92938
*** Element info: {Using=xpath, value=//input[@placeholder=&apos;Username&apos;]}
	at sun.reflect.NativeConstructorAccessorImpl.newInstance0(Native Method)
	at sun.reflect.NativeConstructorAccessorImpl.newInstance(NativeConstructorAccessorImpl.java:62)
	at sun.reflect.DelegatingConstructorAccessorImpl.newInstance(DelegatingConstructorAccessorImpl.java:45)
	at java.lang.reflect.Constructor.newInstance(Constructor.java:423)
	at org.openqa.selenium.remote.http.W3CHttpResponseCodec.createException(W3CHttpResponseCodec.java:150)
	at org.openqa.selenium.remote.http.W3CHttpResponseCodec.decode(W3CHttpResponseCodec.java:115)
	at org.openqa.selenium.remote.http.W3CHttpResponseCodec.decode(W3CHttpResponseCodec.java:45)
	at org.openqa.selenium.remote.HttpCommandExecutor.execute(HttpCommandExecutor.java:164)
	at org.openqa.selenium.remote.service.DriverCommandExecutor.execute(DriverCommandExecutor.java:82)
	at org.openqa.selenium.remote.RemoteWebDriver.execute(RemoteWebDriver.java:637)
	at org.openqa.selenium.remote.RemoteWebDriver.findElement(RemoteWebDriver.java:410)
	at org.openqa.selenium.remote.RemoteWebDriver.findElementByXPath(RemoteWebDriver.java:509)
	at org.openqa.selenium.By$ByXPath.findElement(By.java:361)
	at org.openqa.selenium.remote.RemoteWebDriver.findElement(RemoteWebDriver.java:402)
	at objectrepository.Login_page.username(Login_page.java:21)
	at stepdefinition.Steps.iInputUserNameAndPassword(Steps.java:131)
	at ?.And I Input User Name &quot;Admin&quot; and Password &quot;admin123&quot;(features/Login.feature:12)

</system-out>
    <system-err>SLF4J: No SLF4J providers were found.
SLF4J: Defaulting to no-operation (NOP) logger implementation
SLF4J: See https://www.slf4j.org/codes.html#noProviders for further details.
Starting ChromeDriver 144.0.7559.96 (d7b80622cfab91c265741194e7942eefd2d21811-refs/branch-heads/7559@{#3667}) on port 17952
Only local connections are allowed.
Please see https://chromedriver.chromium.org/security-considerations for suggestions on keeping ChromeDriver safe.
ChromeDriver was started successfully on port 17952.
Jan 27, 2026 1:12:13 PM org.openqa.selenium.remote.ProtocolHandshake createSession
INFO: Detected dialect: W3C
log4j:WARN No appenders could be found for logger (freemarker.cache).
log4j:WARN Please initialize the log4j system properly.
</system-err>
  </testcase>
</testsuite>