<?xml version="1.0" encoding="UTF-8"?>
<testng-results skipped="0" failed="0" total="1" passed="1">
  <reporter-output>
  </reporter-output>
  <suite name="cucumbertest.TestRunner_web" duration-ms="63136" started-at="2026-01-29T10:09:53Z" finished-at="2026-01-29T10:10:56Z">
    <groups>
      <group name="Web">
        <method signature="TestRunner_web.runCukes()[pri:0, instance:cucumbertest.TestRunner_web@42dafa95]" name="runCukes" class="cucumbertest.TestRunner_web"/>
      </group> <!-- Web -->
    </groups>
    <test name="Command line test" duration-ms="63136" started-at="2026-01-29T10:09:53Z" finished-at="2026-01-29T10:10:56Z">
      <class name="cucumbertest.TestRunner_web">
        <test-method status="PASS" signature="runCukes()[pri:0, instance:cucumbertest.TestRunner_web@42dafa95]" name="runCukes" duration-ms="63128" started-at="2026-01-29T14:09:53Z" description="Example of using TestNGCucumberRunner to invoke Cucumber" finished-at="2026-01-29T14:10:56Z">
          <reporter-output>
          </reporter-output>
        </test-method> <!-- runCukes -->
      </class> <!-- cucumbertest.TestRunner_web -->
    </test> <!-- Command line test -->
  </suite> <!-- cucumbertest.TestRunner_web -->
</testng-results>
